生成启动时间为 2015/7/3 11:26:17。
     1>项目“F:\百度云\文档\myProject\VS2013\C简单代码库\简单示例\简单示例.vcxproj”在节点 2 上(Build 个目标)。
     1>C:\Program Files (x86)\MSBuild\Microsoft.Cpp\v4.0\V120\Microsoft.CppBuild.targets(388,5): warning MSB8028: The intermediate directory (Debug\) contains files shared from another project (Test.vcxproj).  This can lead to incorrect clean and rebuild behavior.
     1>ClCompile:
         C:\Program Files (x86)\Microsoft Visual Studio 12.0\VC\bin\CL.exe /c /ZI /nologo /W3 /WX- /sdl /Od /Oy- /D _MBCS /Gm /EHsc /RTC1 /MDd /GS /fp:precise /Zc:wchar_t /Zc:forScope /Fo"Debug\\" /Fd"Debug\vc120.pdb" /Gd /TP /analyze- /errorReport:prompt "cgi示例.cpp"
         cgi示例.cpp
       Link:
         C:\Program Files (x86)\Microsoft Visual Studio 12.0\VC\bin\link.exe /ERRORREPORT:PROMPT /OUT:"F:\百度云\文档\myProject\VS2013\C简单代码库\Debug\简单示例.exe" /INCREMENTAL /NOLOGO kernel32.lib user32.lib gdi32.lib winspool.lib comdlg32.lib advapi32.lib shell32.lib ole32.lib oleaut32.lib uuid.lib odbc32.lib odbccp32.lib kernel32.lib user32.lib gdi32.lib winspool.lib comdlg32.lib advapi32.lib shell32.lib ole32.lib oleaut32.lib uuid.lib odbc32.lib odbccp32.lib /MANIFEST /MANIFESTUAC:"level='asInvoker' uiAccess='false'" /manifest:embed /DEBUG /PDB:"F:\百度云\文档\myProject\VS2013\C简单代码库\Debug\简单示例.pdb" /STACK:"2097152" /TLBID:1 /DYNAMICBASE /NXCOMPAT /IMPLIB:"F:\百度云\文档\myProject\VS2013\C简单代码库\Debug\简单示例.lib" /MACHINE:X86 "Debug\dll示例.obj"
         "Debug\其他.obj"
         "Debug\可变参数示例.obj"
         "Debug\加密解密.obj"
         "Debug\栈.obj"
         "Debug\字符串数字互转.obj"
         "Debug\多线程示例.obj"
         "Debug\cgi示例.obj"
            正在创建库 F:\百度云\文档\myProject\VS2013\C简单代码库\Debug\简单示例.lib 和对象 F:\百度云\文档\myProject\VS2013\C简单代码库\Debug\简单示例.exp
     1>LINK : warning LNK4232: 名称 简单示例.exe 包含非 ASCII 字符，在具有除 936 以外的 ANSI 代码页的系统上可能不能加载 DLL
         简单示例.vcxproj -> F:\百度云\文档\myProject\VS2013\C简单代码库\Debug\简单示例.exe
     1>已完成生成项目“F:\百度云\文档\myProject\VS2013\C简单代码库\简单示例\简单示例.vcxproj”(Build 个目标)的操作。

生成成功。

已用时间 00:00:00.82
