生成启动时间为 2015/8/26 23:59:30。
     1>项目“E:\codeRepertory\MyCommCodeLib\VS2013\SimpleCode_CPP\MyLib\MyLib.vcxproj”在节点 2 上(Build 个目标)。
     1>ClCompile:
         C:\Program Files (x86)\Microsoft Visual Studio 12.0\VC\bin\CL.exe /c /ZI /nologo /W3 /WX- /sdl /Od /Oy- /D _MBCS /Gm /EHsc /RTC1 /MDd /GS /fp:precise /Zc:wchar_t /Zc:forScope /Fo"Debug\\" /Fd"Debug\vc120.pdb" /Gd /TP /analyze- /errorReport:prompt hdtree.cpp search_sort.cpp
         search_sort.cpp
     1>e:\coderepertory\mycommcodelib\vs2013\simplecode_cpp\mylib\search_sort.cpp(44): warning C4018: “<”: 有符号/无符号不匹配
     1>e:\coderepertory\mycommcodelib\vs2013\simplecode_cpp\mylib\search_sort.cpp(59): warning C4018: “<”: 有符号/无符号不匹配
     1>e:\coderepertory\mycommcodelib\vs2013\simplecode_cpp\mylib\search_sort.cpp(80): warning C4018: “<”: 有符号/无符号不匹配
     1>e:\coderepertory\mycommcodelib\vs2013\simplecode_cpp\mylib\search_sort.cpp(90): warning C4018: “>”: 有符号/无符号不匹配
     1>e:\coderepertory\mycommcodelib\vs2013\simplecode_cpp\mylib\search_sort.cpp(185): warning C4018: “<”: 有符号/无符号不匹配
     1>e:\coderepertory\mycommcodelib\vs2013\simplecode_cpp\mylib\search_sort.cpp(247): warning C4018: “<”: 有符号/无符号不匹配
         hdtree.cpp
     1>e:\coderepertory\mycommcodelib\vs2013\simplecode_cpp\mylib\hdtree.cpp(187): warning C4018: “<”: 有符号/无符号不匹配
                 e:\coderepertory\mycommcodelib\vs2013\simplecode_cpp\mylib\hdtree.cpp(299): 参见对正在编译的函数 模板 实例化“int insert_sort<int>(hdtree_node<int> **,T [],int)”的引用
                 with
                 [
                     T=int
                 ]
     1>e:\coderepertory\mycommcodelib\vs2013\simplecode_cpp\mylib\hdtree.cpp(104): warning C4018: “<”: 有符号/无符号不匹配
                 e:\coderepertory\mycommcodelib\vs2013\simplecode_cpp\mylib\hdtree.cpp(33): 参见对正在编译的函数 模板 实例化“void printD<T>(hdtree_node<T> *,int)”的引用
                 with
                 [
                     T=int
                 ]
                 e:\coderepertory\mycommcodelib\vs2013\simplecode_cpp\mylib\hdtree.cpp(301): 参见对正在编译的函数 模板 实例化“void print<int>(hdtree_node<int> *,int)”的引用
         正在生成代码...
     1>e:\coderepertory\mycommcodelib\vs2013\simplecode_cpp\mylib\hdtree.cpp(265): warning C4715: “delete_sort<int>”: 不是所有的控件路径都返回值
       Link:
         C:\Program Files (x86)\Microsoft Visual Studio 12.0\VC\bin\link.exe /ERRORREPORT:PROMPT /OUT:"E:\codeRepertory\MyCommCodeLib\VS2013\SimpleCode_CPP\Debug\MyLib.exe" /INCREMENTAL /NOLOGO kernel32.lib user32.lib gdi32.lib winspool.lib comdlg32.lib advapi32.lib shell32.lib ole32.lib oleaut32.lib uuid.lib odbc32.lib odbccp32.lib /MANIFEST /MANIFESTUAC:"level='asInvoker' uiAccess='false'" /manifest:embed /DEBUG /PDB:"E:\codeRepertory\MyCommCodeLib\VS2013\SimpleCode_CPP\Debug\MyLib.pdb" /TLBID:1 /DYNAMICBASE /NXCOMPAT /IMPLIB:"E:\codeRepertory\MyCommCodeLib\VS2013\SimpleCode_CPP\Debug\MyLib.lib" /MACHINE:X86 Debug\BigNum.obj
         Debug\hdtree.obj
         Debug\MyArray.obj
         Debug\MyOpera.obj
         Debug\search_sort.obj
         LINK : 没有找到 E:\codeRepertory\MyCommCodeLib\VS2013\SimpleCode_CPP\Debug\MyLib.exe 或上一个增量链接没有生成它；正在执行完全链接
         MyLib.vcxproj -> E:\codeRepertory\MyCommCodeLib\VS2013\SimpleCode_CPP\Debug\MyLib.exe
     1>已完成生成项目“E:\codeRepertory\MyCommCodeLib\VS2013\SimpleCode_CPP\MyLib\MyLib.vcxproj”(Build 个目标)的操作。

生成成功。

已用时间 00:00:02.38
