生成启动时间为 2015/8/26 14:37:25。
     1>项目“E:\codeRepertory\MyCommCodeLib\VS2013\SimpleCode_CPP\SimpleExp\SimpleExp.vcxproj”在节点 2 上(Build 个目标)。
     1>ClCompile:
         C:\Program Files (x86)\Microsoft Visual Studio 12.0\VC\bin\CL.exe /c /ZI /nologo /W3 /WX- /sdl /Od /Oy- /D _MBCS /Gm /EHsc /RTC1 /MDd /GS /fp:precise /Zc:wchar_t /Zc:forScope /Fo"Debug\\" /Fd"Debug\vc120.pdb" /Gd /TP /analyze- /errorReport:prompt "虚函数表.cpp" "Lanbda表达式.cpp" main.cpp "异常处理.cpp" "文件与多线程.cpp" "输入输出流.cpp" "位运算实现算数运算.cpp" "多线程.cpp" "模板元编程.cpp" "强制 类型转换.cpp" "智能指针.cpp" "本地化.cpp" "模板示例.cpp"
         模板示例.cpp
         本地化.cpp
         智能指针.cpp
     1>e:\coderepertory\mycommcodelib\vs2013\simplecode_cpp\simpleexp\智能指针.cpp(37): warning C4930: “std::unique_ptr<parent,std::default_delete<_Ty>> father1(void)”: 未调用原型函数(是否是有意用变量定义的?)
                 with
                 [
                     _Ty=parent
                 ]
         强制 类型转换.cpp
         模板元编程.cpp
         多线程.cpp
         位运算实现算数运算.cpp
         输入输出流.cpp
         文件与多线程.cpp
     1>e:\coderepertory\mycommcodelib\vs2013\simplecode_cpp\simpleexp\文件与多线程.cpp(23): warning C4018: “<”: 有符号/无符号不匹配
         异常处理.cpp
         main.cpp
         Lanbda表达式.cpp
         虚函数表.cpp
         正在生成代码...
       Link:
         C:\Program Files (x86)\Microsoft Visual Studio 12.0\VC\bin\link.exe /ERRORREPORT:PROMPT /OUT:"E:\codeRepertory\MyCommCodeLib\VS2013\SimpleCode_CPP\Debug\SimpleExp.exe" /INCREMENTAL /NOLOGO kernel32.lib user32.lib gdi32.lib winspool.lib comdlg32.lib advapi32.lib shell32.lib ole32.lib oleaut32.lib uuid.lib odbc32.lib odbccp32.lib /MANIFEST /MANIFESTUAC:"level='asInvoker' uiAccess='false'" /manifest:embed /DEBUG /PDB:"E:\codeRepertory\MyCommCodeLib\VS2013\SimpleCode_CPP\Debug\SimpleExp.pdb" /TLBID:1 /DYNAMICBASE /NXCOMPAT /IMPLIB:"E:\codeRepertory\MyCommCodeLib\VS2013\SimpleCode_CPP\Debug\SimpleExp.lib" /MACHINE:X86 "Debug\虚函数表.obj"
         "Debug\Lanbda表达式.obj"
         Debug\main.obj
         "Debug\异常处理.obj"
         "Debug\文件与多线程.obj"
         "Debug\输入输出流.obj"
         "Debug\位运算实现算数运算.obj"
         "Debug\多线程.obj"
         "Debug\模板元编程.obj"
         "Debug\强制 类型转换.obj"
         "Debug\智能指针.obj"
         "Debug\本地化.obj"
         "Debug\模板示例.obj"
     1>LINK : fatal error LNK1561: 必须定义入口点
     1>已完成生成项目“E:\codeRepertory\MyCommCodeLib\VS2013\SimpleCode_CPP\SimpleExp\SimpleExp.vcxproj”(Build 个目标)的操作 - 失败。

生成失败。

已用时间 00:00:10.54
