21:45:55 **** Incremental Build of configuration Debug for project AutoCoding ****
Info: Internal Builder is used for build
g++ -std=c++11 "-IF:\\百度云\\文档\\MyProject\\workspace\\AutoCoding\\inc" -O0 -ggdb -Wall -c -fmessage-length=0 -o "src\\ACManager.o" "..\\src\\ACManager.cpp" 
g++ -std=c++11 "-IF:\\百度云\\文档\\MyProject\\workspace\\AutoCoding\\inc" -O0 -ggdb -Wall -c -fmessage-length=0 -o "src\\ACConfManager.o" "..\\src\\ACConfManager.cpp" 
g++ -std=c++11 "-IF:\\百度云\\文档\\MyProject\\workspace\\AutoCoding\\inc" -O0 -ggdb -Wall -c -fmessage-length=0 -o "src\\ACService.o" "..\\src\\ACService.cpp" 
g++ -std=c++11 "-IF:\\百度云\\文档\\MyProject\\workspace\\AutoCoding\\inc" -O0 -ggdb -Wall -c -fmessage-length=0 -o main.o "..\\main.cpp" 
g++ -o AutoCoding.exe "src\\ACService.o" "src\\ACManager.o" "src\\ACConfManager.o" main.o 
Info: Nothing to build for AutoCoding
Info: Nothing to build for AutoCoding
Info: Nothing to build for AutoCoding
Info: Nothing to build for AutoCoding
Info: Nothing to build for AutoCoding
Info: Nothing to build for AutoCoding
Info: Nothing to build for AutoCoding
Info: Nothing to build for AutoCoding
22:06:57 **** Incremental Build of configuration Debug for project AutoCoding ****
Info: Internal Builder is used for build
g++ -std=c++11 "-IF:\\百度云\\文档\\MyProject\\workspace\\AutoCoding\\inc" -O0 -ggdb -Wall -c -fmessage-length=0 -o "src\\ACManager.o" "..\\src\\ACManager.cpp" 
g++ -o AutoCoding.exe "src\\ACService.o" "src\\ACManager.o" "src\\ACConfManager.o" main.o 
Info: Nothing to build for AutoCoding
Info: Nothing to build for AutoCoding
Info: Nothing to build for AutoCoding
22:10:32 **** Incremental Build of configuration Debug for project AutoCoding ****
Info: Internal Builder is used for build
g++ -std=c++11 "-IF:\\百度云\\文档\\MyProject\\workspace\\AutoCoding\\inc" -O0 -ggdb -Wall -c -fmessage-length=0 -o "src\\ACManager.o" "..\\src\\ACManager.cpp" 
g++ -o AutoCoding.exe "src\\ACService.o" "src\\ACManager.o" "src\\ACConfManager.o" main.o 
Info: Nothing to build for AutoCoding
Info: Nothing to build for AutoCoding
